<?xml version="1.0" encoding="UTF-8"?>
<testsuite name="com.zerobase.weather.JpaMemoRepositoryTest" tests="1" skipped="0" failures="0" errors="0" timestamp="2024-03-02T05:37:05" hostname="gimjeonghyeon-ui-MacBookPro.local" time="0.798">
  <properties/>
  <testcase name="findByIdTest()" classname="com.zerobase.weather.JpaMemoRepositoryTest" time="0.798"/>
  <system-out><![CDATA[14:37:00.885 [Test worker] INFO org.springframework.test.context.support.AnnotationConfigContextLoaderUtils -- Could not detect default configuration classes for test class [com.zerobase.weather.JpaMemoRepositoryTest]: JpaMemoRepositoryTest does not declare any static, non-private, non-final, nested classes annotated with @Configuration.
14:37:01.018 [Test worker] INFO org.springframework.boot.test.context.SpringBootTestContextBootstrapper -- Found @SpringBootConfiguration com.zerobase.weather.WeatherApplication for test class com.zerobase.weather.JpaMemoRepositoryTest

  .   ____          _            __ _ _
 /\\ / ___'_ __ _ _(_)_ __  __ _ \ \ \ \
( ( )\___ | '_ | '_| | '_ \/ _` | \ \ \ \
 \\/  ___)| |_)| | | | | || (_| |  ) ) ) )
  '  |____| .__|_| |_|_| |_\__, | / / / /
 =========|_|==============|___/=/_/_/_/
 :: Spring Boot ::                (v3.1.9)

2024-03-02T14:37:01.471+09:00  INFO 2375 --- [    Test worker] c.z.weather.JpaMemoRepositoryTest        : Starting JpaMemoRepositoryTest using Java 17.0.10 with PID 2375 (started by jhkim in /Users/jhkim/Desktop/project/java_prj/weather)
2024-03-02T14:37:01.473+09:00  INFO 2375 --- [    Test worker] c.z.weather.JpaMemoRepositoryTest        : No active profile set, falling back to 1 default profile: "default"
2024-03-02T14:37:02.340+09:00  INFO 2375 --- [    Test worker] .s.d.r.c.RepositoryConfigurationDelegate : Bootstrapping Spring Data JPA repositories in DEFAULT mode.
2024-03-02T14:37:02.410+09:00  INFO 2375 --- [    Test worker] .s.d.r.c.RepositoryConfigurationDelegate : Finished Spring Data repository scanning in 64 ms. Found 1 JPA repository interface.
2024-03-02T14:37:03.092+09:00  INFO 2375 --- [    Test worker] com.zaxxer.hikari.HikariDataSource       : HikariPool-1 - Starting...
2024-03-02T14:37:03.430+09:00  INFO 2375 --- [    Test worker] com.zaxxer.hikari.pool.HikariPool        : HikariPool-1 - Added connection com.mysql.cj.jdbc.ConnectionImpl@26d5a317
2024-03-02T14:37:03.432+09:00  INFO 2375 --- [    Test worker] com.zaxxer.hikari.HikariDataSource       : HikariPool-1 - Start completed.
2024-03-02T14:37:03.546+09:00  INFO 2375 --- [    Test worker] o.hibernate.jpa.internal.util.LogHelper  : HHH000204: Processing PersistenceUnitInfo [name: default]
2024-03-02T14:37:03.594+09:00  INFO 2375 --- [    Test worker] org.hibernate.Version                    : HHH000412: Hibernate ORM core version 6.2.22.Final
2024-03-02T14:37:03.596+09:00  INFO 2375 --- [    Test worker] org.hibernate.cfg.Environment            : HHH000406: Using bytecode reflection optimizer
2024-03-02T14:37:03.869+09:00  INFO 2375 --- [    Test worker] o.s.o.j.p.SpringPersistenceUnitInfo      : No LoadTimeWeaver setup: ignoring JPA class transformer
2024-03-02T14:37:03.933+09:00  WARN 2375 --- [    Test worker] org.hibernate.orm.deprecation            : HHH90000025: MySQL57Dialect does not need to be specified explicitly using 'hibernate.dialect' (remove the property setting and it will be selected by default)
2024-03-02T14:37:03.934+09:00  WARN 2375 --- [    Test worker] org.hibernate.orm.deprecation            : HHH90000026: MySQL57Dialect has been deprecated; use org.hibernate.dialect.MySQLDialect instead
2024-03-02T14:37:04.510+09:00  INFO 2375 --- [    Test worker] o.h.e.t.j.p.i.JtaPlatformInitiator       : HHH000489: No JTA platform available (set 'hibernate.transaction.jta.platform' to enable JTA platform integration)
2024-03-02T14:37:04.514+09:00  INFO 2375 --- [    Test worker] j.LocalContainerEntityManagerFactoryBean : Initialized JPA EntityManagerFactory for persistence unit 'default'
2024-03-02T14:37:04.748+09:00  WARN 2375 --- [    Test worker] JpaBaseConfiguration$JpaWebConfiguration : spring.jpa.open-in-view is enabled by default. Therefore, database queries may be performed during view rendering. Explicitly configure spring.jpa.open-in-view to disable this warning
2024-03-02T14:37:05.461+09:00  INFO 2375 --- [    Test worker] c.z.weather.JpaMemoRepositoryTest        : Started JpaMemoRepositoryTest in 4.326 seconds (process running for 5.657)
Hibernate: select m1_0.id,m1_0.text from memo m1_0 where m1_0.id=?
Hibernate: insert into memo (text) values (?)
7
]]></system-out>
  <system-err><![CDATA[]]></system-err>
</testsuite>
